Compilación iniciada a las 17/05/2013 22:46:49.
     1>Proyecto "E:\Projects\sp-mobile-mvcgraphics\proj\vstudio2012\mvcgame\mvcgame.vcxproj" en el nodo 2 (Build destinos).
     1>ClCompile:
         C:\Program Files (x86)\Microsoft Visual Studio 11.0\VC\bin\CL.exe /c /ZI /nologo /W3 /WX- /Od /Oy- /D _ALLOW_KEYWORD_MACROS /D constexpr /D WIN32 /D _DEBUG /D _WINDOWS /D _USRDLL /D MVCGAME_EXPORTS /D _WINDLL /D _UNICODE /D UNICODE /Gm /EHsc /RTC1 /MDd /GS /fp:precise /Zc:wchar_t /Zc:forScope /Fo"Debug\\" /Fd"Debug\vc110.pdb" /Gd /TP /analyze- /errorReport:prompt ..\..\..\src\mvcgame\Easing.cpp
         Easing.cpp
     1>e:\projects\sp-mobile-mvcgraphics\src\mvcgame\easing.cpp(16): warning C4244: 'argumento' : conversión de 'mvcgame::easing_t' a 'float'; posible pérdida de datos
       Link:
         C:\Program Files (x86)\Microsoft Visual Studio 11.0\VC\bin\link.exe /ERRORREPORT:PROMPT /OUT:"E:\Projects\sp-mobile-mvcgraphics\proj\vstudio2012\Debug\mvcgame.dll" /INCREMENTAL /NOLOGO kernel32.lib user32.lib gdi32.lib winspool.lib comdlg32.lib advapi32.lib shell32.lib ole32.lib oleaut32.lib uuid.lib odbc32.lib odbccp32.lib /MANIFEST /MANIFESTUAC:"level='asInvoker' uiAccess='false'" /manifest:embed /DEBUG /PDB:"E:\Projects\sp-mobile-mvcgraphics\proj\vstudio2012\Debug\mvcgame.pdb" /SUBSYSTEM:WINDOWS /TLBID:1 /DYNAMICBASE /NXCOMPAT /IMPLIB:"E:\Projects\sp-mobile-mvcgraphics\proj\vstudio2012\Debug\mvcgame.lib" /MACHINE:X86 /DLL Debug\ActionRunner.obj
         Debug\TweenAction.obj
         Debug\RootViewController.obj
         Debug\ViewController.obj
         Debug\Easing.obj
         Debug\EventEmitter.obj
         Debug\Events.obj
         Debug\Geometry.obj
         Debug\Time.obj
         Debug\BaseColorView.obj
         Debug\BaseTextView.obj
         Debug\BaseView.obj
         Debug\Color.obj
         Debug\TextureFrame.obj
         mvcgame.vcxproj -> E:\Projects\sp-mobile-mvcgraphics\proj\vstudio2012\Debug\mvcgame.dll
     1>Compilación del proyecto terminada "E:\Projects\sp-mobile-mvcgraphics\proj\vstudio2012\mvcgame\mvcgame.vcxproj" (Build destinos).

Compilación correcta.

Tiempo transcurrido 00:00:00.81
